Arguments: 
  /usr/local/bin/node /usr/local/bin/yarn add axios

PATH: 
  /usr/local/bin:/usr/bin:/bin:/usr/sbin:/sbin:/opt/anaconda3/bin:/opt/anaconda3/condabin

Yarn version: 
  1.22.19

Node version: 
  16.17.0

Platform: 
  darwin x64

Trace: 
  Error: connect ENETUNREACH 104.16.19.35:443 - Local (0.0.0.0:59067)
      at internalConnect (node:net:1010:16)
      at defaultTriggerAsyncIdScope (node:internal/async_hooks:464:18)
      at emitLookup (node:net:1156:9)
      at /usr/local/lib/node_modules/yarn/lib/cli.js:103587:28
      at /usr/local/lib/node_modules/yarn/lib/cli.js:103496:13
      at RawTask.module.exports.RawTask.call (/usr/local/lib/node_modules/yarn/lib/cli.js:79584:19)
      at flush (/usr/local/lib/node_modules/yarn/lib/cli.js:79666:29)
      at processTicksAndRejections (node:internal/process/task_queues:78:11)

npm manifest: 
  {
    "name": "my-react-app",
    "version": "0.0.1",
    "description": "react app",
    "main": "index.js",
    "scripts": {
      "dev": "next dev",
      "build": "next build",
      "start": "next start",
      "lint": "next lint"
    },
    "repository": {
      "type": "git",
      "url": "git+https://github.com/Adebimpe07/my-react-app.git"
    },
    "keywords": [
      "ATS",
      "AFEX",
      "PROJECT"
    ],
    "author": "Adebimpe",
    "license": "UNLICENSED",
    "bugs": {
      "url": "https://github.com/Adebimpe07/my-react-app/issues"
    },
    "homepage": "https://github.com/Adebimpe07/my-react-app#readme",
    "dependencies": {
      "@emotion/css": "^11.10.5",
      "@emotion/react": "^11.10.5",
      "@mantine/core": "^5.6.3",
      "@mantine/dates": "^5.6.3",
      "@mantine/form": "^5.6.3",
      "@mantine/hooks": "^5.6.3",
      "@mantine/modals": "^5.6.3",
      "@mantine/notifications": "^5.6.4",
      "@mantine/nprogress": "^5.6.3",
      "@parcel/transformer-typescript-tsc": "^2.7.0",
      "@tabler/icons": "^1.110.0",
      "dayjs": "^1.11.6",
      "next": "^13.0.2",
      "parcel": "^2.7.0",
      "react": "^18.2.0",
      "react-dom": "^18.2.0",
      "tailwindcss": "^3.2.1",
      "yarn": "^1.22.19",
      "yup": "^0.32.11"
    },
    "devDependencies": {
      "@types/node": "18.11.9",
      "@types/react": "^18.0.24",
      "@types/react-dom": "^18.0.8",
      "autoprefixer": "^10.4.13",
      "postcss": "^8.4.18",
      "process": "^0.11.10",
      "typescript": "^4.8.4"
    }
  }

yarn manifest: 
  No manifest

Lockfile: 
  No lockfile
